# JRE version: OpenJDK Runtime Environment (17.0.11) (build 17.0.11+0--11852314)
# Java VM: OpenJDK 64-Bit Server VM (17.0.11+0--11852314, mixed mode, tiered, compressed oops, compressed class ptrs, g1 gc, windows-amd64)
GC Precious Log:
 CPUs: 8 total, 8 available
 Memory: 8029M
 Large Page Support: Disabled
 NUMA Support: Disabled
 Compressed Oops: Enabled (32-bit)
 Heap Region Size: 1M
 Heap Min Capacity: 8M
 Heap Initial Capacity: 126M
 Heap Max Capacity: 2G
 Pre-touch: Disabled
 Parallel Workers: 8
 Concurrent Workers: 2
 Concurrent Refinement Workers: 8
 Periodic GC: Disabled
Heap:
 garbage-first heap   total 150528K, used 121811K [0x0000000080000000, 0x0000000100000000)
  region size 1024K, 32 young (32768K), 4 survivors (4096K)
 Metaspace       used 63626K, committed 64320K, reserved 1114112K
  class space    used 8695K, committed 9024K, reserved 1048576K
GC Heap History (20 events):
Event: 3.292 GC heap before
{Heap before GC invocations=8 (full 0):
 garbage-first heap   total 71680K, used 37854K [0x0000000080000000, 0x0000000100000000)
  region size 1024K, 6 young (6144K), 4 survivors (4096K)
 Metaspace       used 32206K, committed 32512K, reserved 1114112K
  class space    used 4356K, committed 4480K, reserved 1048576K
}
Event: 3.296 GC heap after
{Heap after GC invocations=9 (full 0):
 garbage-first heap   total 106496K, used 37971K [0x0000000080000000, 0x0000000100000000)
  region size 1024K, 1 young (1024K), 1 survivors (1024K)
 Metaspace       used 32206K, committed 32512K, reserved 1114112K
  class space    used 4356K, committed 4480K, reserved 1048576K
}
Event: 3.696 GC heap before
{Heap before GC invocations=9 (full 0):
 garbage-first heap   total 106496K, used 65619K [0x0000000080000000, 0x0000000100000000)
  region size 1024K, 29 young (29696K), 1 survivors (1024K)
 Metaspace       used 35686K, committed 35968K, reserved 1114112K
  class space    used 4910K, committed 5056K, reserved 1048576K
}
Event: 3.699 GC heap after
{Heap after GC invocations=10 (full 0):
 garbage-first heap   total 106496K, used 40048K [0x0000000080000000, 0x0000000100000000)
  region size 1024K, 3 young (3072K), 3 survivors (3072K)
 Metaspace       used 35686K, committed 35968K, reserved 1114112K
  class space    used 4910K, committed 5056K, reserved 1048576K
}
Event: 4.160 GC heap before
{Heap before GC invocations=11 (full 0):
 garbage-first heap   total 106496K, used 72816K [0x0000000080000000, 0x0000000100000000)
  region size 1024K, 35 young (35840K), 3 survivors (3072K)
 Metaspace       used 40645K, committed 41088K, reserved 1114112K
  class space    used 5621K, committed 5824K, reserved 1048576K
}
Event: 4.164 GC heap after
{Heap after GC invocations=12 (full 0):
 garbage-first heap   total 106496K, used 42244K [0x0000000080000000, 0x0000000100000000)
  region size 1024K, 5 young (5120K), 5 survivors (5120K)
 Metaspace       used 40645K, committed 41088K, reserved 1114112K
  class space    used 5621K, committed 5824K, reserved 1048576K
}
Event: 4.501 GC heap before
{Heap before GC invocations=12 (full 0):
 garbage-first heap   total 106496K, used 75012K [0x0000000080000000, 0x0000000100000000)
  region size 1024K, 38 young (38912K), 5 survivors (5120K)
 Metaspace       used 44710K, committed 45184K, reserved 1114112K
  class space    used 6038K, committed 6272K, reserved 1048576K
}
Event: 4.507 GC heap after
{Heap after GC invocations=13 (full 0):
 garbage-first heap   total 106496K, used 45862K [0x0000000080000000, 0x0000000100000000)
  region size 1024K, 5 young (5120K), 5 survivors (5120K)
 Metaspace       used 44710K, committed 45184K, reserved 1114112K
  class space    used 6038K, committed 6272K, reserved 1048576K
}
Event: 4.983 GC heap before
{Heap before GC invocations=13 (full 0):
 garbage-first heap   total 106496K, used 83750K [0x0000000080000000, 0x0000000100000000)
  region size 1024K, 38 young (38912K), 5 survivors (5120K)
 Metaspace       used 49395K, committed 49920K, reserved 1114112K
  class space    used 6620K, committed 6848K, reserved 1048576K
}
Event: 4.989 GC heap after
{Heap after GC invocations=14 (full 0):
 garbage-first heap   total 106496K, used 48706K [0x0000000080000000, 0x0000000100000000)
  region size 1024K, 3 young (3072K), 3 survivors (3072K)
 Metaspace       used 49395K, committed 49920K, reserved 1114112K
  class space    used 6620K, committed 6848K, reserved 1048576K
}
Event: 5.275 GC heap before
{Heap before GC invocations=14 (full 0):
 garbage-first heap   total 106496K, used 64066K [0x0000000080000000, 0x0000000100000000)
  region size 1024K, 20 young (20480K), 3 survivors (3072K)
 Metaspace       used 50809K, committed 51264K, reserved 1114112K
  class space    used 6859K, committed 7040K, reserved 1048576K
}
Event: 5.281 GC heap after
{Heap after GC invocations=15 (full 0):
 garbage-first heap   total 143360K, used 50822K [0x0000000080000000, 0x0000000100000000)
  region size 1024K, 5 young (5120K), 5 survivors (5120K)
 Metaspace       used 50809K, committed 51264K, reserved 1114112K
  class space    used 6859K, committed 7040K, reserved 1048576K
}
Event: 5.978 GC heap before
{Heap before GC invocations=15 (full 0):
 garbage-first heap   total 143360K, used 122502K [0x0000000080000000, 0x0000000100000000)
  region size 1024K, 61 young (62464K), 5 survivors (5120K)
 Metaspace       used 55579K, committed 56192K, reserved 1114112K
  class space    used 7479K, committed 7744K, reserved 1048576K
}
Event: 5.984 GC heap after
{Heap after GC invocations=16 (full 0):
 garbage-first heap   total 143360K, used 69077K [0x0000000080000000, 0x0000000100000000)
  region size 1024K, 8 young (8192K), 8 survivors (8192K)
 Metaspace       used 55579K, committed 56192K, reserved 1114112K
  class space    used 7479K, committed 7744K, reserved 1048576K
}
Event: 6.413 GC heap before
{Heap before GC invocations=16 (full 0):
 garbage-first heap   total 143360K, used 104917K [0x0000000080000000, 0x0000000100000000)
  region size 1024K, 44 young (45056K), 8 survivors (8192K)
 Metaspace       used 59518K, committed 60160K, reserved 1114112K
  class space    used 8145K, committed 8448K, reserved 1048576K
}
Event: 6.419 GC heap after
{Heap after GC invocations=17 (full 0):
 garbage-first heap   total 143360K, used 71891K [0x0000000080000000, 0x0000000100000000)
  region size 1024K, 3 young (3072K), 3 survivors (3072K)
 Metaspace       used 59518K, committed 60160K, reserved 1114112K
  class space    used 8145K, committed 8448K, reserved 1048576K
}
Event: 7.085 GC heap before
{Heap before GC invocations=18 (full 0):
 garbage-first heap   total 143360K, used 113875K [0x0000000080000000, 0x0000000100000000)
  region size 1024K, 45 young (46080K), 3 survivors (3072K)
 Metaspace       used 62080K, committed 62720K, reserved 1114112K
  class space    used 8505K, committed 8768K, reserved 1048576K
}
Event: 7.093 GC heap after
{Heap after GC invocations=19 (full 0):
 garbage-first heap   total 143360K, used 76746K [0x0000000080000000, 0x0000000100000000)
  region size 1024K, 6 young (6144K), 6 survivors (6144K)
 Metaspace       used 62080K, committed 62720K, reserved 1114112K
  class space    used 8505K, committed 8768K, reserved 1048576K
}
Event: 7.277 GC heap before
{Heap before GC invocations=19 (full 0):
 garbage-first heap   total 143360K, used 102346K [0x0000000080000000, 0x0000000100000000)
  region size 1024K, 33 young (33792K), 6 survivors (6144K)
 Metaspace       used 62348K, committed 63040K, reserved 1114112K
  class space    used 8522K, committed 8832K, reserved 1048576K
}
Event: 7.284 GC heap after
{Heap after GC invocations=20 (full 0):
 garbage-first heap   total 143360K, used 79827K [0x0000000080000000, 0x0000000100000000)
  region size 1024K, 4 young (4096K), 4 survivors (4096K)
 Metaspace       used 62348K, committed 63040K, reserved 1114112K
  class space    used 8522K, committed 8832K, reserved 1048576K
}

