# JRE version: OpenJDK Runtime Environment (17.0.11) (build 17.0.11+0--11852314)
# Java VM: OpenJDK 64-Bit Server VM (17.0.11+0--11852314, mixed mode, tiered, compressed oops, compressed class ptrs, g1 gc, windows-amd64)
GC Precious Log:
 CPUs: 8 total, 8 available
 Memory: 8029M
 Large Page Support: Disabled
 NUMA Support: Disabled
 Compressed Oops: Enabled (32-bit)
 Heap Region Size: 1M
 Heap Min Capacity: 8M
 Heap Initial Capacity: 126M
 Heap Max Capacity: 2G
 Pre-touch: Disabled
 Parallel Workers: 8
 Concurrent Workers: 2
 Concurrent Refinement Workers: 8
 Periodic GC: Disabled
Heap:
 garbage-first heap   total 144384K, used 98697K [0x0000000080000000, 0x0000000100000000)
  region size 1024K, 1 young (1024K), 1 survivors (1024K)
 Metaspace       used 62949K, committed 63552K, reserved 1114112K
  class space    used 8630K, committed 8896K, reserved 1048576K
GC Heap History (20 events):
Event: 5.748 GC heap after
{Heap after GC invocations=17 (full 0):
 garbage-first heap   total 94208K, used 49062K [0x0000000080000000, 0x0000000100000000)
  region size 1024K, 2 young (2048K), 2 survivors (2048K)
 Metaspace       used 48285K, committed 48704K, reserved 1114112K
  class space    used 6449K, committed 6656K, reserved 1048576K
}
Event: 6.148 GC heap before
{Heap before GC invocations=17 (full 0):
 garbage-first heap   total 94208K, used 73638K [0x0000000080000000, 0x0000000100000000)
  region size 1024K, 26 young (26624K), 2 survivors (2048K)
 Metaspace       used 50720K, committed 51136K, reserved 1114112K
  class space    used 6861K, committed 7040K, reserved 1048576K
}
Event: 6.152 GC heap after
{Heap after GC invocations=18 (full 0):
 garbage-first heap   total 94208K, used 51288K [0x0000000080000000, 0x0000000100000000)
  region size 1024K, 4 young (4096K), 4 survivors (4096K)
 Metaspace       used 50720K, committed 51136K, reserved 1114112K
  class space    used 6861K, committed 7040K, reserved 1048576K
}
Event: 6.270 GC heap before
{Heap before GC invocations=19 (full 0):
 garbage-first heap   total 107520K, used 65624K [0x0000000080000000, 0x0000000100000000)
  region size 1024K, 12 young (12288K), 4 survivors (4096K)
 Metaspace       used 50992K, committed 51456K, reserved 1114112K
  class space    used 6910K, committed 7104K, reserved 1048576K
}
Event: 6.274 GC heap after
{Heap after GC invocations=20 (full 0):
 garbage-first heap   total 107520K, used 62057K [0x0000000080000000, 0x0000000100000000)
  region size 1024K, 3 young (3072K), 3 survivors (3072K)
 Metaspace       used 50992K, committed 51456K, reserved 1114112K
  class space    used 6910K, committed 7104K, reserved 1048576K
}
Event: 6.517 GC heap before
{Heap before GC invocations=21 (full 0):
 garbage-first heap   total 119808K, used 88681K [0x0000000080000000, 0x0000000100000000)
  region size 1024K, 23 young (23552K), 3 survivors (3072K)
 Metaspace       used 53460K, committed 54080K, reserved 1114112K
  class space    used 7150K, committed 7424K, reserved 1048576K
}
Event: 6.520 GC heap after
{Heap after GC invocations=22 (full 0):
 garbage-first heap   total 119808K, used 69252K [0x0000000080000000, 0x0000000100000000)
  region size 1024K, 3 young (3072K), 3 survivors (3072K)
 Metaspace       used 53460K, committed 54080K, reserved 1114112K
  class space    used 7150K, committed 7424K, reserved 1048576K
}
Event: 6.541 GC heap before
{Heap before GC invocations=22 (full 0):
 garbage-first heap   total 119808K, used 71300K [0x0000000080000000, 0x0000000100000000)
  region size 1024K, 5 young (5120K), 3 survivors (3072K)
 Metaspace       used 53641K, committed 54208K, reserved 1114112K
  class space    used 7175K, committed 7424K, reserved 1048576K
}
Event: 6.545 GC heap after
{Heap after GC invocations=23 (full 0):
 garbage-first heap   total 144384K, used 69137K [0x0000000080000000, 0x0000000100000000)
  region size 1024K, 1 young (1024K), 1 survivors (1024K)
 Metaspace       used 53641K, committed 54208K, reserved 1114112K
  class space    used 7175K, committed 7424K, reserved 1048576K
}
Event: 7.085 GC heap before
{Heap before GC invocations=23 (full 0):
 garbage-first heap   total 144384K, used 104977K [0x0000000080000000, 0x0000000100000000)
  region size 1024K, 36 young (36864K), 1 survivors (1024K)
 Metaspace       used 56535K, committed 57152K, reserved 1114112K
  class space    used 7638K, committed 7936K, reserved 1048576K
}
Event: 7.087 GC heap after
{Heap after GC invocations=24 (full 0):
 garbage-first heap   total 144384K, used 70630K [0x0000000080000000, 0x0000000100000000)
  region size 1024K, 2 young (2048K), 2 survivors (2048K)
 Metaspace       used 56535K, committed 57152K, reserved 1114112K
  class space    used 7638K, committed 7936K, reserved 1048576K
}
Event: 7.602 GC heap before
{Heap before GC invocations=25 (full 0):
 garbage-first heap   total 144384K, used 107494K [0x0000000080000000, 0x0000000100000000)
  region size 1024K, 38 young (38912K), 2 survivors (2048K)
 Metaspace       used 60134K, committed 60864K, reserved 1114112K
  class space    used 8262K, committed 8576K, reserved 1048576K
}
Event: 7.607 GC heap after
{Heap after GC invocations=26 (full 0):
 garbage-first heap   total 144384K, used 73003K [0x0000000080000000, 0x0000000100000000)
  region size 1024K, 4 young (4096K), 4 survivors (4096K)
 Metaspace       used 60134K, committed 60864K, reserved 1114112K
  class space    used 8262K, committed 8576K, reserved 1048576K
}
Event: 7.658 GC heap before
{Heap before GC invocations=26 (full 0):
 garbage-first heap   total 144384K, used 76075K [0x0000000080000000, 0x0000000100000000)
  region size 1024K, 7 young (7168K), 4 survivors (4096K)
 Metaspace       used 60436K, committed 61056K, reserved 1114112K
  class space    used 8305K, committed 8576K, reserved 1048576K
}
Event: 7.664 GC heap after
{Heap after GC invocations=27 (full 0):
 garbage-first heap   total 144384K, used 73021K [0x0000000080000000, 0x0000000100000000)
  region size 1024K, 1 young (1024K), 1 survivors (1024K)
 Metaspace       used 60436K, committed 61056K, reserved 1114112K
  class space    used 8305K, committed 8576K, reserved 1048576K
}
Event: 8.308 GC heap before
{Heap before GC invocations=27 (full 0):
 garbage-first heap   total 144384K, used 109885K [0x0000000080000000, 0x0000000100000000)
  region size 1024K, 38 young (38912K), 1 survivors (1024K)
 Metaspace       used 62121K, committed 62784K, reserved 1114112K
  class space    used 8508K, committed 8768K, reserved 1048576K
}
Event: 8.314 GC heap after
{Heap after GC invocations=28 (full 0):
 garbage-first heap   total 144384K, used 78103K [0x0000000080000000, 0x0000000100000000)
  region size 1024K, 5 young (5120K), 5 survivors (5120K)
 Metaspace       used 62121K, committed 62784K, reserved 1114112K
  class space    used 8508K, committed 8768K, reserved 1048576K
}
Event: 8.706 GC heap before
{Heap before GC invocations=29 (full 0):
 garbage-first heap   total 144384K, used 124183K [0x0000000080000000, 0x0000000100000000)
  region size 1024K, 39 young (39936K), 5 survivors (5120K)
 Metaspace       used 62945K, committed 63552K, reserved 1114112K
  class space    used 8628K, committed 8896K, reserved 1048576K
}
Event: 8.713 GC heap after
{Heap after GC invocations=30 (full 0):
 garbage-first heap   total 144384K, used 96813K [0x0000000080000000, 0x0000000100000000)
  region size 1024K, 5 young (5120K), 5 survivors (5120K)
 Metaspace       used 62945K, committed 63552K, reserved 1114112K
  class space    used 8628K, committed 8896K, reserved 1048576K
}
Event: 8.735 GC heap before
{Heap before GC invocations=30 (full 0):
 garbage-first heap   total 144384K, used 99885K [0x0000000080000000, 0x0000000100000000)
  region size 1024K, 7 young (7168K), 5 survivors (5120K)
 Metaspace       used 62949K, committed 63552K, reserved 1114112K
  class space    used 8630K, committed 8896K, reserved 1048576K
}

