# JRE version: OpenJDK Runtime Environment (17.0.11) (build 17.0.11+0--11852314)
# Java VM: OpenJDK 64-Bit Server VM (17.0.11+0--11852314, mixed mode, tiered, compressed oops, compressed class ptrs, g1 gc, windows-amd64)
GC Precious Log:
 CPUs: 8 total, 8 available
 Memory: 8029M
 Large Page Support: Disabled
 NUMA Support: Disabled
 Compressed Oops: Enabled (32-bit)
 Heap Region Size: 1M
 Heap Min Capacity: 8M
 Heap Initial Capacity: 126M
 Heap Max Capacity: 2G
 Pre-touch: Disabled
 Parallel Workers: 8
 Concurrent Workers: 2
 Concurrent Refinement Workers: 8
 Periodic GC: Disabled
Heap:
 garbage-first heap   total 150528K, used 106375K [0x0000000080000000, 0x0000000100000000)
  region size 1024K, 7 young (7168K), 1 survivors (1024K)
 Metaspace       used 64944K, committed 65600K, reserved 1114112K
  class space    used 8863K, committed 9152K, reserved 1048576K
GC Heap History (20 events):
Event: 6.769 GC heap before
{Heap before GC invocations=19 (full 0):
 garbage-first heap   total 104448K, used 65953K [0x0000000080000000, 0x0000000100000000)
  region size 1024K, 11 young (11264K), 4 survivors (4096K)
 Metaspace       used 51012K, committed 51456K, reserved 1114112K
  class space    used 6903K, committed 7104K, reserved 1048576K
}
Event: 6.773 GC heap after
{Heap after GC invocations=20 (full 0):
 garbage-first heap   total 104448K, used 61759K [0x0000000080000000, 0x0000000100000000)
  region size 1024K, 2 young (2048K), 2 survivors (2048K)
 Metaspace       used 51012K, committed 51456K, reserved 1114112K
  class space    used 6903K, committed 7104K, reserved 1048576K
}
Event: 6.959 GC heap before
{Heap before GC invocations=21 (full 0):
 garbage-first heap   total 117760K, used 78143K [0x0000000080000000, 0x0000000100000000)
  region size 1024K, 15 young (15360K), 2 survivors (2048K)
 Metaspace       used 51995K, committed 52480K, reserved 1114112K
  class space    used 7019K, committed 7232K, reserved 1048576K
}
Event: 6.961 GC heap after
{Heap after GC invocations=22 (full 0):
 garbage-first heap   total 117760K, used 68917K [0x0000000080000000, 0x0000000100000000)
  region size 1024K, 2 young (2048K), 2 survivors (2048K)
 Metaspace       used 51995K, committed 52480K, reserved 1114112K
  class space    used 7019K, committed 7232K, reserved 1048576K
}
Event: 7.118 GC heap before
{Heap before GC invocations=23 (full 0):
 garbage-first heap   total 124928K, used 89397K [0x0000000080000000, 0x0000000100000000)
  region size 1024K, 20 young (20480K), 2 survivors (2048K)
 Metaspace       used 53659K, committed 54272K, reserved 1114112K
  class space    used 7168K, committed 7424K, reserved 1048576K
}
Event: 7.120 GC heap after
{Heap after GC invocations=24 (full 0):
 garbage-first heap   total 124928K, used 69077K [0x0000000080000000, 0x0000000100000000)
  region size 1024K, 1 young (1024K), 1 survivors (1024K)
 Metaspace       used 53659K, committed 54272K, reserved 1114112K
  class space    used 7168K, committed 7424K, reserved 1048576K
}
Event: 7.467 GC heap before
{Heap before GC invocations=24 (full 0):
 garbage-first heap   total 124928K, used 91605K [0x0000000080000000, 0x0000000100000000)
  region size 1024K, 23 young (23552K), 1 survivors (1024K)
 Metaspace       used 55732K, committed 56320K, reserved 1114112K
  class space    used 7526K, committed 7808K, reserved 1048576K
}
Event: 7.471 GC heap after
{Heap after GC invocations=25 (full 0):
 garbage-first heap   total 124928K, used 70317K [0x0000000080000000, 0x0000000100000000)
  region size 1024K, 2 young (2048K), 2 survivors (2048K)
 Metaspace       used 55732K, committed 56320K, reserved 1114112K
  class space    used 7526K, committed 7808K, reserved 1048576K
}
Event: 7.798 GC heap before
{Heap before GC invocations=26 (full 0):
 garbage-first heap   total 124928K, used 93869K [0x0000000080000000, 0x0000000100000000)
  region size 1024K, 26 young (26624K), 2 survivors (2048K)
 Metaspace       used 58508K, committed 59072K, reserved 1114112K
  class space    used 7967K, committed 8256K, reserved 1048576K
}
Event: 7.801 GC heap after
{Heap after GC invocations=27 (full 0):
 garbage-first heap   total 124928K, used 72245K [0x0000000080000000, 0x0000000100000000)
  region size 1024K, 4 young (4096K), 4 survivors (4096K)
 Metaspace       used 58508K, committed 59072K, reserved 1114112K
  class space    used 7967K, committed 8256K, reserved 1048576K
}
Event: 7.837 GC heap before
{Heap before GC invocations=27 (full 0):
 garbage-first heap   total 124928K, used 74293K [0x0000000080000000, 0x0000000100000000)
  region size 1024K, 6 young (6144K), 4 survivors (4096K)
 Metaspace       used 58744K, committed 59328K, reserved 1114112K
  class space    used 8000K, committed 8256K, reserved 1048576K
}
Event: 7.841 GC heap after
{Heap after GC invocations=28 (full 0):
 garbage-first heap   total 150528K, used 72664K [0x0000000080000000, 0x0000000100000000)
  region size 1024K, 1 young (1024K), 1 survivors (1024K)
 Metaspace       used 58744K, committed 59328K, reserved 1114112K
  class space    used 8000K, committed 8256K, reserved 1048576K
}
Event: 8.567 GC heap before
{Heap before GC invocations=28 (full 0):
 garbage-first heap   total 150528K, used 111576K [0x0000000080000000, 0x0000000100000000)
  region size 1024K, 39 young (39936K), 1 survivors (1024K)
 Metaspace       used 61952K, committed 62528K, reserved 1114112K
  class space    used 8492K, committed 8768K, reserved 1048576K
}
Event: 8.571 GC heap after
{Heap after GC invocations=29 (full 0):
 garbage-first heap   total 150528K, used 75857K [0x0000000080000000, 0x0000000100000000)
  region size 1024K, 4 young (4096K), 4 survivors (4096K)
 Metaspace       used 61952K, committed 62528K, reserved 1114112K
  class space    used 8492K, committed 8768K, reserved 1048576K
}
Event: 8.907 GC heap before
{Heap before GC invocations=30 (full 0):
 garbage-first heap   total 150528K, used 112721K [0x0000000080000000, 0x0000000100000000)
  region size 1024K, 42 young (43008K), 4 survivors (4096K)
 Metaspace       used 62370K, committed 63040K, reserved 1114112K
  class space    used 8516K, committed 8832K, reserved 1048576K
}
Event: 8.912 GC heap after
{Heap after GC invocations=31 (full 0):
 garbage-first heap   total 150528K, used 79595K [0x0000000080000000, 0x0000000100000000)
  region size 1024K, 4 young (4096K), 4 survivors (4096K)
 Metaspace       used 62370K, committed 63040K, reserved 1114112K
  class space    used 8516K, committed 8832K, reserved 1048576K
}
Event: 9.652 GC heap before
{Heap before GC invocations=32 (full 0):
 garbage-first heap   total 150528K, used 131819K [0x0000000080000000, 0x0000000100000000)
  region size 1024K, 41 young (41984K), 4 survivors (4096K)
 Metaspace       used 64455K, committed 65152K, reserved 1114112K
  class space    used 8790K, committed 9088K, reserved 1048576K
}
Event: 9.657 GC heap after
{Heap after GC invocations=33 (full 0):
 garbage-first heap   total 150528K, used 101263K [0x0000000080000000, 0x0000000100000000)
  region size 1024K, 6 young (6144K), 6 survivors (6144K)
 Metaspace       used 64455K, committed 65152K, reserved 1114112K
  class space    used 8790K, committed 9088K, reserved 1048576K
}
Event: 9.669 GC heap before
{Heap before GC invocations=33 (full 0):
 garbage-first heap   total 150528K, used 102287K [0x0000000080000000, 0x0000000100000000)
  region size 1024K, 7 young (7168K), 6 survivors (6144K)
 Metaspace       used 64532K, committed 65216K, reserved 1114112K
  class space    used 8797K, committed 9152K, reserved 1048576K
}
Event: 9.672 GC heap after
{Heap after GC invocations=34 (full 0):
 garbage-first heap   total 150528K, used 101255K [0x0000000080000000, 0x0000000100000000)
  region size 1024K, 1 young (1024K), 1 survivors (1024K)
 Metaspace       used 64532K, committed 65216K, reserved 1114112K
  class space    used 8797K, committed 9152K, reserved 1048576K
}

