# JRE version: OpenJDK Runtime Environment (17.0.11) (build 17.0.11+0--11852314)
# Java VM: OpenJDK 64-Bit Server VM (17.0.11+0--11852314, mixed mode, tiered, compressed oops, compressed class ptrs, g1 gc, windows-amd64)
GC Precious Log:
 CPUs: 8 total, 8 available
 Memory: 8029M
 Large Page Support: Disabled
 NUMA Support: Disabled
 Compressed Oops: Enabled (32-bit)
 Heap Region Size: 1M
 Heap Min Capacity: 8M
 Heap Initial Capacity: 126M
 Heap Max Capacity: 2G
 Pre-touch: Disabled
 Parallel Workers: 8
 Concurrent Workers: 2
 Concurrent Refinement Workers: 8
 Periodic GC: Disabled
Heap:
 garbage-first heap   total 211968K, used 155113K [0x0000000080000000, 0x0000000100000000)
  region size 1024K, 38 young (38912K), 1 survivors (1024K)
 Metaspace       used 78997K, committed 79680K, reserved 1179648K
  class space    used 10640K, committed 10944K, reserved 1048576K
GC Heap History (20 events):
Event: 35.621 GC heap before
{Heap before GC invocations=102 (full 0):
 garbage-first heap   total 211968K, used 180303K [0x0000000080000000, 0x0000000100000000)
  region size 1024K, 100 young (102400K), 8 survivors (8192K)
 Metaspace       used 57844K, committed 58304K, reserved 1114112K
  class space    used 7795K, committed 8000K, reserved 1048576K
}
Event: 35.626 GC heap after
{Heap after GC invocations=103 (full 0):
 garbage-first heap   total 211968K, used 87257K [0x0000000080000000, 0x0000000100000000)
  region size 1024K, 8 young (8192K), 8 survivors (8192K)
 Metaspace       used 57844K, committed 58304K, reserved 1114112K
  class space    used 7795K, committed 8000K, reserved 1048576K
}
Event: 36.858 GC heap before
{Heap before GC invocations=103 (full 0):
 garbage-first heap   total 211968K, used 181465K [0x0000000080000000, 0x0000000100000000)
  region size 1024K, 100 young (102400K), 8 survivors (8192K)
 Metaspace       used 57846K, committed 58304K, reserved 1114112K
  class space    used 7795K, committed 8000K, reserved 1048576K
}
Event: 36.865 GC heap after
{Heap after GC invocations=104 (full 0):
 garbage-first heap   total 211968K, used 87532K [0x0000000080000000, 0x0000000100000000)
  region size 1024K, 8 young (8192K), 8 survivors (8192K)
 Metaspace       used 57846K, committed 58304K, reserved 1114112K
  class space    used 7795K, committed 8000K, reserved 1048576K
}
Event: 37.844 GC heap before
{Heap before GC invocations=104 (full 0):
 garbage-first heap   total 211968K, used 180716K [0x0000000080000000, 0x0000000100000000)
  region size 1024K, 99 young (101376K), 8 survivors (8192K)
 Metaspace       used 57846K, committed 58304K, reserved 1114112K
  class space    used 7795K, committed 8000K, reserved 1048576K
}
Event: 37.851 GC heap after
{Heap after GC invocations=105 (full 0):
 garbage-first heap   total 211968K, used 88755K [0x0000000080000000, 0x0000000100000000)
  region size 1024K, 8 young (8192K), 8 survivors (8192K)
 Metaspace       used 57846K, committed 58304K, reserved 1114112K
  class space    used 7795K, committed 8000K, reserved 1048576K
}
Event: 39.169 GC heap before
{Heap before GC invocations=105 (full 0):
 garbage-first heap   total 211968K, used 180915K [0x0000000080000000, 0x0000000100000000)
  region size 1024K, 98 young (100352K), 8 survivors (8192K)
 Metaspace       used 57851K, committed 58304K, reserved 1114112K
  class space    used 7795K, committed 8000K, reserved 1048576K
}
Event: 39.175 GC heap after
{Heap after GC invocations=106 (full 0):
 garbage-first heap   total 211968K, used 90461K [0x0000000080000000, 0x0000000100000000)
  region size 1024K, 8 young (8192K), 8 survivors (8192K)
 Metaspace       used 57851K, committed 58304K, reserved 1114112K
  class space    used 7795K, committed 8000K, reserved 1048576K
}
Event: 39.568 GC heap before
{Heap before GC invocations=106 (full 0):
 garbage-first heap   total 211968K, used 180573K [0x0000000080000000, 0x0000000100000000)
  region size 1024K, 96 young (98304K), 8 survivors (8192K)
 Metaspace       used 57852K, committed 58304K, reserved 1114112K
  class space    used 7795K, committed 8000K, reserved 1048576K
}
Event: 39.573 GC heap after
{Heap after GC invocations=107 (full 0):
 garbage-first heap   total 211968K, used 85786K [0x0000000080000000, 0x0000000100000000)
  region size 1024K, 7 young (7168K), 7 survivors (7168K)
 Metaspace       used 57852K, committed 58304K, reserved 1114112K
  class space    used 7795K, committed 8000K, reserved 1048576K
}
Event: 44.065 GC heap before
{Heap before GC invocations=107 (full 0):
 garbage-first heap   total 211968K, used 192282K [0x0000000080000000, 0x0000000100000000)
  region size 1024K, 100 young (102400K), 7 survivors (7168K)
 Metaspace       used 60700K, committed 61248K, reserved 1114112K
  class space    used 8065K, committed 8320K, reserved 1048576K
}
Event: 44.070 GC heap after
{Heap after GC invocations=108 (full 0):
 garbage-first heap   total 211968K, used 96711K [0x0000000080000000, 0x0000000100000000)
  region size 1024K, 7 young (7168K), 7 survivors (7168K)
 Metaspace       used 60700K, committed 61248K, reserved 1114112K
  class space    used 8065K, committed 8320K, reserved 1048576K
}
Event: 48.554 GC heap before
{Heap before GC invocations=108 (full 0):
 garbage-first heap   total 211968K, used 181703K [0x0000000080000000, 0x0000000100000000)
  region size 1024K, 90 young (92160K), 7 survivors (7168K)
 Metaspace       used 68404K, committed 69120K, reserved 1114112K
  class space    used 9336K, committed 9664K, reserved 1048576K
}
Event: 48.562 GC heap after
{Heap after GC invocations=109 (full 0):
 garbage-first heap   total 211968K, used 100184K [0x0000000080000000, 0x0000000100000000)
  region size 1024K, 11 young (11264K), 11 survivors (11264K)
 Metaspace       used 68404K, committed 69120K, reserved 1114112K
  class space    used 9336K, committed 9664K, reserved 1048576K
}
Event: 50.847 GC heap before
{Heap before GC invocations=109 (full 0):
 garbage-first heap   total 211968K, used 159576K [0x0000000080000000, 0x0000000100000000)
  region size 1024K, 67 young (68608K), 11 survivors (11264K)
 Metaspace       used 69788K, committed 70528K, reserved 1114112K
  class space    used 9458K, committed 9792K, reserved 1048576K
}
Event: 50.859 GC heap after
{Heap after GC invocations=110 (full 0):
 garbage-first heap   total 211968K, used 111923K [0x0000000080000000, 0x0000000100000000)
  region size 1024K, 11 young (11264K), 11 survivors (11264K)
 Metaspace       used 69788K, committed 70528K, reserved 1114112K
  class space    used 9458K, committed 9792K, reserved 1048576K
}
Event: 52.558 GC heap before
{Heap before GC invocations=111 (full 0):
 garbage-first heap   total 211968K, used 187699K [0x0000000080000000, 0x0000000100000000)
  region size 1024K, 74 young (75776K), 11 survivors (11264K)
 Metaspace       used 74342K, committed 75136K, reserved 1114112K
  class space    used 10010K, committed 10368K, reserved 1048576K
}
Event: 52.567 GC heap after
{Heap after GC invocations=112 (full 0):
 garbage-first heap   total 211968K, used 129547K [0x0000000080000000, 0x0000000100000000)
  region size 1024K, 7 young (7168K), 7 survivors (7168K)
 Metaspace       used 74342K, committed 75136K, reserved 1114112K
  class space    used 10010K, committed 10368K, reserved 1048576K
}
Event: 52.626 GC heap before
{Heap before GC invocations=112 (full 0):
 garbage-first heap   total 211968K, used 131595K [0x0000000080000000, 0x0000000100000000)
  region size 1024K, 10 young (10240K), 7 survivors (7168K)
 Metaspace       used 74629K, committed 75392K, reserved 1114112K
  class space    used 10044K, committed 10368K, reserved 1048576K
}
Event: 52.629 GC heap after
{Heap after GC invocations=113 (full 0):
 garbage-first heap   total 211968K, used 118249K [0x0000000080000000, 0x0000000100000000)
  region size 1024K, 1 young (1024K), 1 survivors (1024K)
 Metaspace       used 74629K, committed 75392K, reserved 1114112K
  class space    used 10044K, committed 10368K, reserved 1048576K
}

