# JRE version: OpenJDK Runtime Environment (17.0.11) (build 17.0.11+0--11852314)
# Java VM: OpenJDK 64-Bit Server VM (17.0.11+0--11852314, mixed mode, tiered, compressed oops, compressed class ptrs, g1 gc, windows-amd64)
GC Precious Log:
 CPUs: 8 total, 8 available
 Memory: 8029M
 Large Page Support: Disabled
 NUMA Support: Disabled
 Compressed Oops: Enabled (32-bit)
 Heap Region Size: 1M
 Heap Min Capacity: 8M
 Heap Initial Capacity: 126M
 Heap Max Capacity: 2G
 Pre-touch: Disabled
 Parallel Workers: 8
 Concurrent Workers: 2
 Concurrent Refinement Workers: 8
 Periodic GC: Disabled
Heap:
 garbage-first heap   total 147456K, used 63845K [0x0000000080000000, 0x0000000100000000)
  region size 1024K, 9 young (9216K), 4 survivors (4096K)
 Metaspace       used 57317K, committed 57792K, reserved 1114112K
  class space    used 7746K, committed 7936K, reserved 1048576K
GC Heap History (20 events):
Event: 13.041 GC heap before
{Heap before GC invocations=19 (full 0):
 garbage-first heap   total 147456K, used 113990K [0x0000000080000000, 0x0000000100000000)
  region size 1024K, 66 young (67584K), 2 survivors (2048K)
 Metaspace       used 52644K, committed 53056K, reserved 1114112K
  class space    used 7063K, committed 7232K, reserved 1048576K
}
Event: 13.048 GC heap after
{Heap after GC invocations=20 (full 0):
 garbage-first heap   total 147456K, used 50422K [0x0000000080000000, 0x0000000100000000)
  region size 1024K, 8 young (8192K), 8 survivors (8192K)
 Metaspace       used 52644K, committed 53056K, reserved 1114112K
  class space    used 7063K, committed 7232K, reserved 1048576K
}
Event: 14.278 GC heap before
{Heap before GC invocations=20 (full 0):
 garbage-first heap   total 147456K, used 114934K [0x0000000080000000, 0x0000000100000000)
  region size 1024K, 68 young (69632K), 8 survivors (8192K)
 Metaspace       used 56772K, committed 57280K, reserved 1114112K
  class space    used 7709K, committed 7936K, reserved 1048576K
}
Event: 14.286 GC heap after
{Heap after GC invocations=21 (full 0):
 garbage-first heap   total 147456K, used 59467K [0x0000000080000000, 0x0000000100000000)
  region size 1024K, 5 young (5120K), 5 survivors (5120K)
 Metaspace       used 56772K, committed 57280K, reserved 1114112K
  class space    used 7709K, committed 7936K, reserved 1048576K
}
Event: 14.655 GC heap before
{Heap before GC invocations=21 (full 0):
 garbage-first heap   total 147456K, used 114763K [0x0000000080000000, 0x0000000100000000)
  region size 1024K, 59 young (60416K), 5 survivors (5120K)
 Metaspace       used 57058K, committed 57536K, reserved 1114112K
  class space    used 7726K, committed 7936K, reserved 1048576K
}
Event: 14.657 GC heap after
{Heap after GC invocations=22 (full 0):
 garbage-first heap   total 147456K, used 56927K [0x0000000080000000, 0x0000000100000000)
  region size 1024K, 1 young (1024K), 1 survivors (1024K)
 Metaspace       used 57058K, committed 57536K, reserved 1114112K
  class space    used 7726K, committed 7936K, reserved 1048576K
}
Event: 15.335 GC heap before
{Heap before GC invocations=22 (full 0):
 garbage-first heap   total 147456K, used 118367K [0x0000000080000000, 0x0000000100000000)
  region size 1024K, 61 young (62464K), 1 survivors (1024K)
 Metaspace       used 57206K, committed 57600K, reserved 1114112K
  class space    used 7745K, committed 7936K, reserved 1048576K
}
Event: 15.336 GC heap after
{Heap after GC invocations=23 (full 0):
 garbage-first heap   total 147456K, used 57147K [0x0000000080000000, 0x0000000100000000)
  region size 1024K, 2 young (2048K), 2 survivors (2048K)
 Metaspace       used 57206K, committed 57600K, reserved 1114112K
  class space    used 7745K, committed 7936K, reserved 1048576K
}
Event: 15.904 GC heap before
{Heap before GC invocations=23 (full 0):
 garbage-first heap   total 147456K, used 119611K [0x0000000080000000, 0x0000000100000000)
  region size 1024K, 63 young (64512K), 2 survivors (2048K)
 Metaspace       used 57230K, committed 57728K, reserved 1114112K
  class space    used 7745K, committed 7936K, reserved 1048576K
}
Event: 15.905 GC heap after
{Heap after GC invocations=24 (full 0):
 garbage-first heap   total 147456K, used 57186K [0x0000000080000000, 0x0000000100000000)
  region size 1024K, 2 young (2048K), 2 survivors (2048K)
 Metaspace       used 57230K, committed 57728K, reserved 1114112K
  class space    used 7745K, committed 7936K, reserved 1048576K
}
Event: 16.440 GC heap before
{Heap before GC invocations=24 (full 0):
 garbage-first heap   total 147456K, used 121698K [0x0000000080000000, 0x0000000100000000)
  region size 1024K, 65 young (66560K), 2 survivors (2048K)
 Metaspace       used 57250K, committed 57728K, reserved 1114112K
  class space    used 7745K, committed 7936K, reserved 1048576K
}
Event: 16.442 GC heap after
{Heap after GC invocations=25 (full 0):
 garbage-first heap   total 147456K, used 57661K [0x0000000080000000, 0x0000000100000000)
  region size 1024K, 2 young (2048K), 2 survivors (2048K)
 Metaspace       used 57250K, committed 57728K, reserved 1114112K
  class space    used 7745K, committed 7936K, reserved 1048576K
}
Event: 17.008 GC heap before
{Heap before GC invocations=25 (full 0):
 garbage-first heap   total 147456K, used 123197K [0x0000000080000000, 0x0000000100000000)
  region size 1024K, 66 young (67584K), 2 survivors (2048K)
 Metaspace       used 57254K, committed 57728K, reserved 1114112K
  class space    used 7745K, committed 7936K, reserved 1048576K
}
Event: 17.009 GC heap after
{Heap after GC invocations=26 (full 0):
 garbage-first heap   total 147456K, used 58219K [0x0000000080000000, 0x0000000100000000)
  region size 1024K, 3 young (3072K), 3 survivors (3072K)
 Metaspace       used 57254K, committed 57728K, reserved 1114112K
  class space    used 7745K, committed 7936K, reserved 1048576K
}
Event: 17.616 GC heap before
{Heap before GC invocations=26 (full 0):
 garbage-first heap   total 147456K, used 123755K [0x0000000080000000, 0x0000000100000000)
  region size 1024K, 67 young (68608K), 3 survivors (3072K)
 Metaspace       used 57286K, committed 57728K, reserved 1114112K
  class space    used 7745K, committed 7936K, reserved 1048576K
}
Event: 17.619 GC heap after
{Heap after GC invocations=27 (full 0):
 garbage-first heap   total 147456K, used 58761K [0x0000000080000000, 0x0000000100000000)
  region size 1024K, 3 young (3072K), 3 survivors (3072K)
 Metaspace       used 57286K, committed 57728K, reserved 1114112K
  class space    used 7745K, committed 7936K, reserved 1048576K
}
Event: 18.290 GC heap before
{Heap before GC invocations=27 (full 0):
 garbage-first heap   total 147456K, used 125321K [0x0000000080000000, 0x0000000100000000)
  region size 1024K, 68 young (69632K), 3 survivors (3072K)
 Metaspace       used 57287K, committed 57728K, reserved 1114112K
  class space    used 7745K, committed 7936K, reserved 1048576K
}
Event: 18.292 GC heap after
{Heap after GC invocations=28 (full 0):
 garbage-first heap   total 147456K, used 59269K [0x0000000080000000, 0x0000000100000000)
  region size 1024K, 4 young (4096K), 4 survivors (4096K)
 Metaspace       used 57287K, committed 57728K, reserved 1114112K
  class space    used 7745K, committed 7936K, reserved 1048576K
}
Event: 18.990 GC heap before
{Heap before GC invocations=28 (full 0):
 garbage-first heap   total 147456K, used 125829K [0x0000000080000000, 0x0000000100000000)
  region size 1024K, 69 young (70656K), 4 survivors (4096K)
 Metaspace       used 57317K, committed 57792K, reserved 1114112K
  class space    used 7746K, committed 7936K, reserved 1048576K
}
Event: 18.994 GC heap after
{Heap after GC invocations=29 (full 0):
 garbage-first heap   total 147456K, used 59749K [0x0000000080000000, 0x0000000100000000)
  region size 1024K, 4 young (4096K), 4 survivors (4096K)
 Metaspace       used 57317K, committed 57792K, reserved 1114112K
  class space    used 7746K, committed 7936K, reserved 1048576K
}

